<?xml version="1.0" encoding="UTF-8"?>
<testng-results ignored="0" total="1" passed="1" failed="0" skipped="0">
  <reporter-output>
  </reporter-output>
  <suite started-at="2023-11-16T15:19:37 IST" name="Default suite" finished-at="2023-11-16T15:20:08 IST" duration-ms="30969">
    <groups>
    </groups>
    <test started-at="2023-11-16T15:19:37 IST" name="Default test" finished-at="2023-11-16T15:20:08 IST" duration-ms="30969">
      <class name="com.app.SeleniumGridDemo.GridStandaloneDemo">
        <test-method signature="GridDemo1()[pri:0, instance:com.app.SeleniumGridDemo.GridStandaloneDemo@51399530]" started-at="2023-11-16T15:19:37 IST" name="GridDemo1" finished-at="2023-11-16T15:20:08 IST" duration-ms="30581" status="PASS">
          <reporter-output>
          </reporter-output>
        </test-method> <!-- GridDemo1 -->
      </class> <!-- com.app.SeleniumGridDemo.GridStandaloneDemo -->
    </test> <!-- Default test -->
  </suite> <!-- Default suite -->
</testng-results>
